[2025-12-26T10:36:51.028Z] [REQUEST] POST /api/aliases/api/v1/aliases
{
  "method": "POST",
  "path": "/api/aliases/api/v1/aliases",
  "headers": {
    "host": "localhost:3000",
    "user-agent": "Mozilla/5.0 (X11; Linux x86_64; rv:146.0) Gecko/20100101 Firefox/146.0",
    "accept": "application/json",
    "accept-language": "sv-SE,sv;q=0.8,en-US;q=0.5,en;q=0.3",
    "accept-encoding": "gzip, deflate, br, zstd",
    "authorization": "[REDACTED]",
    "content-type": "application/json",
    "content-length": "64",
    "origin": "moz-extension://49458164-07fc-42f5-b940-8fa5392b07c8",
    "sec-gpc": "1",
    "connection": "keep-alive",
    "sec-fetch-dest": "empty",
    "sec-fetch-mode": "cors",
    "sec-fetch-site": "same-origin",
    "priority": "u=0",
    "pragma": "no-cache",
    "cache-control": "no-cache"
  },
  "body": {
    "domain": "peekoff.com",
    "description": "Genererad av Bitwarden."
  }
}
[2025-12-26T10:36:51.031Z] [STALWART REQUEST] GET undefined/principal?limit=100
[2025-12-26T10:36:51.036Z] [ERROR] Error fetching principal from Stalwart: Invalid URL
[2025-12-26T10:36:51.036Z] [ERROR] Error adding alias to Stalwart: Unable to determine principal from API key
[2025-12-26T10:36:51.040Z] [RESPONSE] POST /api/aliases/api/v1/aliases - Status: 201
{
  "status": 201,
  "body": {
    "data": {
      "id": 1766745411037,
      "email": "d2db693e@peekoff.com",
      "local_part": "d2db693e",
      "domain": "peekoff.com",
      "description": null,
      "enabled": true
    }
  }
}
